WARNING: --strip-extras is becoming the default in version 8.0.0. To silence this warning, either use --strip-extras to opt into the new default or use --no-strip-extras to retain the existing behavior.
#
# This file is autogenerated by pip-compile with Python 3.12
# by the following command:
#
#    pip-compile requirements-dev.in
#
annotated-types==0.7.0
    # via pydantic
anyio==4.9.0
    # via httpx
argcomplete==3.6.2
    # via commitizen
astroid==3.3.10
    # via pylint
babel==2.17.0
    # via mkdocs-material
backrefs==5.8
    # via mkdocs-material
bandit==1.8.3
    # via -r requirements-dev.in
black==25.1.0
    # via -r requirements-dev.in
boto3==1.38.29
    # via -r D:\git\template_python\requirements.in
botocore==1.38.29
    # via
    #   boto3
    #   s3transfer
bracex==2.5.post1
    # via wcmatch
build==1.2.2.post1
    # via -r requirements-dev.in
bump-my-version==1.1.2
    # via -r requirements-dev.in
certifi==2025.4.26
    # via
    #   httpcore
    #   httpx
    #   requests
cfgv==3.4.0
    # via pre-commit
charset-normalizer==3.4.2
    # via
    #   commitizen
    #   requests
click==8.2.1
    # via
    #   black
    #   bump-my-version
    #   mkdocs
    #   rich-click
colorama==0.4.6
    # via
    #   bandit
    #   build
    #   click
    #   commitizen
    #   loguru
    #   mkdocs
    #   mkdocs-material
    #   pylint
    #   pytest
    #   radon
commitizen==4.8.2
    # via -r requirements-dev.in
contourpy==1.3.2
    # via matplotlib
coverage[toml]==7.8.2
    # via pytest-cov
cycler==0.12.1
    # via matplotlib
decli==0.6.3
    # via commitizen
dill==0.4.0
    # via pylint
distlib==0.3.9
    # via virtualenv
docutils==0.21.2
    # via readme-renderer
filelock==3.18.0
    # via virtualenv
flake8==7.2.0
    # via
    #   -r requirements-dev.in
    #   flake8-docstrings
flake8-docstrings==1.7.0
    # via -r requirements-dev.in
fonttools==4.58.1
    # via matplotlib
ghp-import==2.1.0
    # via mkdocs
h11==0.16.0
    # via httpcore
httpcore==1.0.9
    # via httpx
httpx==0.28.1
    # via bump-my-version
id==1.5.0
    # via twine
identify==2.6.12
    # via pre-commit
idna==3.10
    # via
    #   anyio
    #   httpx
    #   requests
iniconfig==2.1.0
    # via pytest
isort==6.0.1
    # via
    #   -r requirements-dev.in
    #   pylint
jaraco-classes==3.4.0
    # via keyring
jaraco-context==6.0.1
    # via keyring
jaraco-functools==4.1.0
    # via keyring
jinja2==3.1.6
    # via
    #   commitizen
    #   mkdocs
    #   mkdocs-material
    #   pytest-html
jmespath==1.0.1
    # via
    #   boto3
    #   botocore
keyring==25.6.0
    # via twine
kiwisolver==1.4.8
    # via matplotlib
loguru==0.7.3
    # via -r D:\git\template_python\requirements.in
mando==0.7.1
    # via radon
markdown==3.8
    # via
    #   mkdocs
    #   mkdocs-material
    #   pymdown-extensions
markdown-it-py==3.0.0
    # via rich
markupsafe==3.0.2
    # via
    #   jinja2
    #   mkdocs
matplotlib==3.10.3
    # via -r D:\git\template_python\requirements.in
mccabe==0.7.0
    # via
    #   flake8
    #   pylint
mdurl==0.1.2
    # via markdown-it-py
mergedeep==1.3.4
    # via
    #   mkdocs
    #   mkdocs-get-deps
mkdocs==1.6.1
    # via
    #   -r requirements-dev.in
    #   mkdocs-material
mkdocs-get-deps==0.2.0
    # via mkdocs
mkdocs-material==9.6.14
    # via -r requirements-dev.in
mkdocs-material-extensions==1.3.1
    # via mkdocs-material
more-itertools==10.7.0
    # via
    #   jaraco-classes
    #   jaraco-functools
mypy==1.15.0
    # via -r requirements-dev.in
mypy-extensions==1.1.0
    # via
    #   black
    #   mypy
nh3==0.2.21
    # via readme-renderer
nodeenv==1.9.1
    # via pre-commit
numpy==1.26.4
    # via
    #   -r D:\git\template_python\requirements.in
    #   contourpy
    #   matplotlib
    #   pandas
    #   scipy
packaging==25.0
    # via
    #   black
    #   build
    #   commitizen
    #   matplotlib
    #   mkdocs
    #   pytest
    #   twine
paginate==0.5.7
    # via mkdocs-material
pandas==2.2.3
    # via -r D:\git\template_python\requirements.in
pathspec==0.12.1
    # via
    #   black
    #   mkdocs
pbr==6.1.1
    # via stevedore
pika==1.3.2
    # via -r D:\git\template_python\requirements.in
pillow==11.2.1
    # via matplotlib
platformdirs==4.3.8
    # via
    #   black
    #   mkdocs-get-deps
    #   pylint
    #   virtualenv
pluggy==1.6.0
    # via pytest
pre-commit==4.2.0
    # via -r requirements-dev.in
prompt-toolkit==3.0.51
    # via questionary
py-cpuinfo==9.0.0
    # via pytest-benchmark
pycodestyle==2.13.0
    # via flake8
pydantic==2.11.5
    # via
    #   bump-my-version
    #   pydantic-settings
pydantic-core==2.33.2
    # via pydantic
pydantic-settings==2.9.1
    # via bump-my-version
pydocstyle==6.3.0
    # via flake8-docstrings
pyflakes==3.3.2
    # via flake8
pygments==2.19.1
    # via
    #   mkdocs-material
    #   readme-renderer
    #   rich
pylint==3.3.6
    # via -r requirements-dev.in
pymdown-extensions==10.15
    # via mkdocs-material
pyparsing==3.2.3
    # via matplotlib
pyproject-hooks==1.2.0
    # via build
pytest==8.3.5
    # via
    #   -r requirements-dev.in
    #   pytest-benchmark
    #   pytest-cov
    #   pytest-html
    #   pytest-metadata
    #   pytest-mock
pytest-benchmark==5.1.0
    # via -r requirements-dev.in
pytest-cov==6.1.1
    # via -r requirements-dev.in
pytest-html==4.1.1
    # via -r requirements-dev.in
pytest-metadata==3.1.1
    # via pytest-html
pytest-mock==3.14.0
    # via -r requirements-dev.in
python-dateutil==2.9.0.post0
    # via
    #   botocore
    #   ghp-import
    #   matplotlib
    #   pandas
python-dotenv==1.1.0
    # via
    #   -r D:\git\template_python\requirements.in
    #   pydantic-settings
pytz==2025.2
    # via pandas
pywin32-ctypes==0.2.3
    # via keyring
pyyaml==6.0.2
    # via
    #   bandit
    #   commitizen
    #   mkdocs
    #   mkdocs-get-deps
    #   pre-commit
    #   pymdown-extensions
    #   pyyaml-env-tag
    #   xenon
pyyaml-env-tag==1.1
    # via mkdocs
questionary==2.1.0
    # via
    #   bump-my-version
    #   commitizen
radon==6.0.1
    # via xenon
readme-renderer==44.0
    # via twine
requests==2.32.3
    # via
    #   id
    #   mkdocs-material
    #   requests-toolbelt
    #   twine
    #   xenon
requests-toolbelt==1.0.0
    # via twine
rfc3986==2.0.0
    # via twine
rich==14.0.0
    # via
    #   bandit
    #   bump-my-version
    #   rich-click
    #   twine
rich-click==1.8.9
    # via bump-my-version
ruff==0.11.6
    # via -r requirements-dev.in
s3transfer==0.13.0
    # via boto3
scipy==1.15.3
    # via -r D:\git\template_python\requirements.in
six==1.17.0
    # via
    #   mando
    #   python-dateutil
sniffio==1.3.1
    # via anyio
snowballstemmer==3.0.1
    # via pydocstyle
stevedore==5.4.1
    # via bandit
termcolor==2.3.0
    # via
    #   -r requirements-dev.in
    #   commitizen
tomlkit==0.13.2
    # via
    #   bump-my-version
    #   commitizen
    #   pylint
twine==6.1.0
    # via -r requirements-dev.in
types-python-dateutil==2.9.0.20241206
    # via -r requirements-dev.in
types-pyyaml==6.0.12.20250402
    # via -r requirements-dev.in
types-requests==2.32.0.20250328
    # via -r requirements-dev.in
typing-extensions==4.14.0
    # via
    #   anyio
    #   mypy
    #   pydantic
    #   pydantic-core
    #   rich-click
    #   typing-inspection
typing-inspection==0.4.1
    # via
    #   pydantic
    #   pydantic-settings
tzdata==2025.2
    # via pandas
urllib3==2.4.0
    # via
    #   botocore
    #   requests
    #   twine
    #   types-requests
virtualenv==20.31.2
    # via pre-commit
watchdog==6.0.0
    # via mkdocs
wcmatch==10.0
    # via bump-my-version
wcwidth==0.2.13
    # via prompt-toolkit
win32-setctime==1.2.0
    # via loguru
xenon==0.9.3
    # via -r requirements-dev.in

# The following packages are considered to be unsafe in a requirements file:
# setuptools
